<?xml version="1.0" encoding="UTF-8"?>
<testsuite xmlns:xsi="http://www.w3.org/2001/XMLSchema-instance" xsi:noNamespaceSchemaLocation="https://maven.apache.org/surefire/maven-surefire-plugin/xsd/surefire-test-report-3.0.xsd" version="3.0" name="prueba.MySpringBootApplicationTest" time="7.047" tests="1" errors="1" skipped="0" failures="0">
  <properties>
    <property name="sun.desktop" value="windows"/>
    <property name="awt.toolkit" value="sun.awt.windows.WToolkit"/>
    <property name="file.encoding.pkg" value="sun.io"/>
    <property name="java.specification.version" value="1.8"/>
    <property name="sun.cpu.isalist" value="amd64"/>
    <property name="sun.jnu.encoding" value="Cp1252"/>
    <property name="java.class.path" value="C:\Users\Usuario\Documents\Workspace Spring Tool Suite\prueba-camel\target\test-classes;C:\Users\Usuario\Documents\Workspace Spring Tool Suite\prueba-camel\target\classes;C:\Users\Usuario\.m2\repository\org\springframework\boot\spring-boot-starter-web\2.5.1\spring-boot-starter-web-2.5.1.jar;C:\Users\Usuario\.m2\repository\org\springframework\boot\spring-boot-starter\2.5.1\spring-boot-starter-2.5.1.jar;C:\Users\Usuario\.m2\repository\org\springframework\boot\spring-boot\2.5.1\spring-boot-2.5.1.jar;C:\Users\Usuario\.m2\repository\org\springframework\boot\spring-boot-autoconfigure\2.5.1\spring-boot-autoconfigure-2.5.1.jar;C:\Users\Usuario\.m2\repository\org\springframework\boot\spring-boot-starter-logging\2.5.1\spring-boot-starter-logging-2.5.1.jar;C:\Users\Usuario\.m2\repository\ch\qos\logback\logback-classic\1.2.3\logback-classic-1.2.3.jar;C:\Users\Usuario\.m2\repository\ch\qos\logback\logback-core\1.2.3\logback-core-1.2.3.jar;C:\Users\Usuario\.m2\repository\org\apache\logging\log4j\log4j-to-slf4j\2.14.1\log4j-to-slf4j-2.14.1.jar;C:\Users\Usuario\.m2\repository\org\apache\logging\log4j\log4j-api\2.14.1\log4j-api-2.14.1.jar;C:\Users\Usuario\.m2\repository\org\slf4j\jul-to-slf4j\1.7.30\jul-to-slf4j-1.7.30.jar;C:\Users\Usuario\.m2\repository\jakarta\annotation\jakarta.annotation-api\1.3.5\jakarta.annotation-api-1.3.5.jar;C:\Users\Usuario\.m2\repository\org\yaml\snakeyaml\1.28\snakeyaml-1.28.jar;C:\Users\Usuario\.m2\repository\org\springframework\boot\spring-boot-starter-json\2.5.1\spring-boot-starter-json-2.5.1.jar;C:\Users\Usuario\.m2\repository\com\fasterxml\jackson\datatype\jackson-datatype-jdk8\2.12.3\jackson-datatype-jdk8-2.12.3.jar;C:\Users\Usuario\.m2\repository\com\fasterxml\jackson\datatype\jackson-datatype-jsr310\2.12.3\jackson-datatype-jsr310-2.12.3.jar;C:\Users\Usuario\.m2\repository\com\fasterxml\jackson\module\jackson-module-parameter-names\2.12.3\jackson-module-parameter-names-2.12.3.jar;C:\Users\Usuario\.m2\repository\org\springframework\spring-web\5.3.8\spring-web-5.3.8.jar;C:\Users\Usuario\.m2\repository\org\springframework\spring-beans\5.3.8\spring-beans-5.3.8.jar;C:\Users\Usuario\.m2\repository\org\springframework\spring-webmvc\5.3.8\spring-webmvc-5.3.8.jar;C:\Users\Usuario\.m2\repository\org\springframework\spring-aop\5.3.8\spring-aop-5.3.8.jar;C:\Users\Usuario\.m2\repository\org\springframework\spring-context\5.3.8\spring-context-5.3.8.jar;C:\Users\Usuario\.m2\repository\org\springframework\spring-expression\5.3.8\spring-expression-5.3.8.jar;C:\Users\Usuario\.m2\repository\org\springframework\boot\spring-boot-starter-undertow\2.5.1\spring-boot-starter-undertow-2.5.1.jar;C:\Users\Usuario\.m2\repository\io\undertow\undertow-core\2.2.8.Final\undertow-core-2.2.8.Final.jar;C:\Users\Usuario\.m2\repository\org\jboss\logging\jboss-logging\3.4.2.Final\jboss-logging-3.4.2.Final.jar;C:\Users\Usuario\.m2\repository\org\jboss\xnio\xnio-api\3.8.0.Final\xnio-api-3.8.0.Final.jar;C:\Users\Usuario\.m2\repository\org\wildfly\common\wildfly-common\1.5.2.Final\wildfly-common-1.5.2.Final.jar;C:\Users\Usuario\.m2\repository\org\wildfly\client\wildfly-client-config\1.0.1.Final\wildfly-client-config-1.0.1.Final.jar;C:\Users\Usuario\.m2\repository\org\jboss\xnio\xnio-nio\3.8.0.Final\xnio-nio-3.8.0.Final.jar;C:\Users\Usuario\.m2\repository\org\jboss\threads\jboss-threads\3.1.0.Final\jboss-threads-3.1.0.Final.jar;C:\Users\Usuario\.m2\repository\io\undertow\undertow-servlet\2.2.8.Final\undertow-servlet-2.2.8.Final.jar;C:\Users\Usuario\.m2\repository\org\jboss\spec\javax\annotation\jboss-annotations-api_1.3_spec\2.0.1.Final\jboss-annotations-api_1.3_spec-2.0.1.Final.jar;C:\Users\Usuario\.m2\repository\io\undertow\undertow-websockets-jsr\2.2.8.Final\undertow-websockets-jsr-2.2.8.Final.jar;C:\Users\Usuario\.m2\repository\org\jboss\spec\javax\websocket\jboss-websocket-api_1.1_spec\2.0.0.Final\jboss-websocket-api_1.1_spec-2.0.0.Final.jar;C:\Users\Usuario\.m2\repository\jakarta\servlet\jakarta.servlet-api\4.0.4\jakarta.servlet-api-4.0.4.jar;C:\Users\Usuario\.m2\repository\org\apache\tomcat\embed\tomcat-embed-el\9.0.46\tomcat-embed-el-9.0.46.jar;C:\Users\Usuario\.m2\repository\org\springframework\boot\spring-boot-starter-actuator\2.5.1\spring-boot-starter-actuator-2.5.1.jar;C:\Users\Usuario\.m2\repository\org\springframework\boot\spring-boot-actuator-autoconfigure\2.5.1\spring-boot-actuator-autoconfigure-2.5.1.jar;C:\Users\Usuario\.m2\repository\org\springframework\boot\spring-boot-actuator\2.5.1\spring-boot-actuator-2.5.1.jar;C:\Users\Usuario\.m2\repository\io\micrometer\micrometer-core\1.7.0\micrometer-core-1.7.0.jar;C:\Users\Usuario\.m2\repository\org\hdrhistogram\HdrHistogram\2.1.12\HdrHistogram-2.1.12.jar;C:\Users\Usuario\.m2\repository\org\latencyutils\LatencyUtils\2.0.3\LatencyUtils-2.0.3.jar;C:\Users\Usuario\.m2\repository\org\apache\camel\springboot\camel-spring-boot-starter\3.11.0\camel-spring-boot-starter-3.11.0.jar;C:\Users\Usuario\.m2\repository\org\apache\camel\springboot\camel-spring-boot\3.11.0\camel-spring-boot-3.11.0.jar;C:\Users\Usuario\.m2\repository\org\apache\camel\camel-spring\3.11.0\camel-spring-3.11.0.jar;C:\Users\Usuario\.m2\repository\org\apache\camel\camel-spring-main\3.11.0\camel-spring-main-3.11.0.jar;C:\Users\Usuario\.m2\repository\org\apache\camel\camel-main\3.11.0\camel-main-3.11.0.jar;C:\Users\Usuario\.m2\repository\org\apache\camel\camel-xml-jaxb-dsl\3.11.0\camel-xml-jaxb-dsl-3.11.0.jar;C:\Users\Usuario\.m2\repository\org\apache\camel\camel-core-model\3.11.0\camel-core-model-3.11.0.jar;C:\Users\Usuario\.m2\repository\org\apache\camel\camel-dsl-support\3.11.0\camel-dsl-support-3.11.0.jar;C:\Users\Usuario\.m2\repository\org\apache\camel\camel-endpointdsl\3.11.0\camel-endpointdsl-3.11.0.jar;C:\Users\Usuario\.m2\repository\org\apache\camel\camel-cloud\3.11.0\camel-cloud-3.11.0.jar;C:\Users\Usuario\.m2\repository\org\apache\camel\camel-cluster\3.11.0\camel-cluster-3.11.0.jar;C:\Users\Usuario\.m2\repository\org\apache\camel\camel-health\3.11.0\camel-health-3.11.0.jar;C:\Users\Usuario\.m2\repository\org\apache\camel\springboot\camel-core-starter\3.11.0\camel-core-starter-3.11.0.jar;C:\Users\Usuario\.m2\repository\org\apache\camel\springboot\camel-bean-starter\3.11.0\camel-bean-starter-3.11.0.jar;C:\Users\Usuario\.m2\repository\org\apache\camel\camel-bean\3.11.0\camel-bean-3.11.0.jar;C:\Users\Usuario\.m2\repository\org\apache\camel\springboot\camel-browse-starter\3.11.0\camel-browse-starter-3.11.0.jar;C:\Users\Usuario\.m2\repository\org\apache\camel\camel-browse\3.11.0\camel-browse-3.11.0.jar;C:\Users\Usuario\.m2\repository\org\apache\camel\springboot\camel-controlbus-starter\3.11.0\camel-controlbus-starter-3.11.0.jar;C:\Users\Usuario\.m2\repository\org\apache\camel\camel-controlbus\3.11.0\camel-controlbus-3.11.0.jar;C:\Users\Usuario\.m2\repository\org\apache\camel\springboot\camel-dataformat-starter\3.11.0\camel-dataformat-starter-3.11.0.jar;C:\Users\Usuario\.m2\repository\org\apache\camel\camel-dataformat\3.11.0\camel-dataformat-3.11.0.jar;C:\Users\Usuario\.m2\repository\org\apache\camel\springboot\camel-dataset-starter\3.11.0\camel-dataset-starter-3.11.0.jar;C:\Users\Usuario\.m2\repository\org\apache\camel\camel-dataset\3.11.0\camel-dataset-3.11.0.jar;C:\Users\Usuario\.m2\repository\org\apache\camel\springboot\camel-direct-starter\3.11.0\camel-direct-starter-3.11.0.jar;C:\Users\Usuario\.m2\repository\org\apache\camel\camel-direct\3.11.0\camel-direct-3.11.0.jar;C:\Users\Usuario\.m2\repository\org\apache\camel\springboot\camel-directvm-starter\3.11.0\camel-directvm-starter-3.11.0.jar;C:\Users\Usuario\.m2\repository\org\apache\camel\camel-directvm\3.11.0\camel-directvm-3.11.0.jar;C:\Users\Usuario\.m2\repository\org\apache\camel\springboot\camel-file-starter\3.11.0\camel-file-starter-3.11.0.jar;C:\Users\Usuario\.m2\repository\org\apache\camel\camel-file\3.11.0\camel-file-3.11.0.jar;C:\Users\Usuario\.m2\repository\org\apache\camel\springboot\camel-language-starter\3.11.0\camel-language-starter-3.11.0.jar;C:\Users\Usuario\.m2\repository\org\apache\camel\camel-language\3.11.0\camel-language-3.11.0.jar;C:\Users\Usuario\.m2\repository\org\apache\camel\springboot\camel-log-starter\3.11.0\camel-log-starter-3.11.0.jar;C:\Users\Usuario\.m2\repository\org\apache\camel\camel-log\3.11.0\camel-log-3.11.0.jar;C:\Users\Usuario\.m2\repository\org\apache\camel\springboot\camel-mock-starter\3.11.0\camel-mock-starter-3.11.0.jar;C:\Users\Usuario\.m2\repository\org\apache\camel\camel-mock\3.11.0\camel-mock-3.11.0.jar;C:\Users\Usuario\.m2\repository\org\apache\camel\springboot\camel-ref-starter\3.11.0\camel-ref-starter-3.11.0.jar;C:\Users\Usuario\.m2\repository\org\apache\camel\camel-ref\3.11.0\camel-ref-3.11.0.jar;C:\Users\Usuario\.m2\repository\org\apache\camel\springboot\camel-rest-starter\3.11.0\camel-rest-starter-3.11.0.jar;C:\Users\Usuario\.m2\repository\org\apache\camel\camel-rest\3.11.0\camel-rest-3.11.0.jar;C:\Users\Usuario\.m2\repository\org\apache\camel\camel-tooling-model\3.11.0\camel-tooling-model-3.11.0.jar;C:\Users\Usuario\.m2\repository\org\apache\camel\camel-util-json\3.11.0\camel-util-json-3.11.0.jar;C:\Users\Usuario\.m2\repository\org\apache\camel\springboot\camel-saga-starter\3.11.0\camel-saga-starter-3.11.0.jar;C:\Users\Usuario\.m2\repository\org\apache\camel\camel-saga\3.11.0\camel-saga-3.11.0.jar;C:\Users\Usuario\.m2\repository\org\apache\camel\springboot\camel-scheduler-starter\3.11.0\camel-scheduler-starter-3.11.0.jar;C:\Users\Usuario\.m2\repository\org\apache\camel\camel-scheduler\3.11.0\camel-scheduler-3.11.0.jar;C:\Users\Usuario\.m2\repository\org\apache\camel\springboot\camel-seda-starter\3.11.0\camel-seda-starter-3.11.0.jar;C:\Users\Usuario\.m2\repository\org\apache\camel\camel-seda\3.11.0\camel-seda-3.11.0.jar;C:\Users\Usuario\.m2\repository\org\apache\camel\springboot\camel-stub-starter\3.11.0\camel-stub-starter-3.11.0.jar;C:\Users\Usuario\.m2\repository\org\apache\camel\camel-stub\3.11.0\camel-stub-3.11.0.jar;C:\Users\Usuario\.m2\repository\org\apache\camel\springboot\camel-timer-starter\3.11.0\camel-timer-starter-3.11.0.jar;C:\Users\Usuario\.m2\repository\org\apache\camel\camel-timer\3.11.0\camel-timer-3.11.0.jar;C:\Users\Usuario\.m2\repository\org\apache\camel\springboot\camel-validator-starter\3.11.0\camel-validator-starter-3.11.0.jar;C:\Users\Usuario\.m2\repository\org\apache\camel\camel-validator\3.11.0\camel-validator-3.11.0.jar;C:\Users\Usuario\.m2\repository\org\apache\camel\springboot\camel-vm-starter\3.11.0\camel-vm-starter-3.11.0.jar;C:\Users\Usuario\.m2\repository\org\apache\camel\camel-vm\3.11.0\camel-vm-3.11.0.jar;C:\Users\Usuario\.m2\repository\org\apache\camel\springboot\camel-xpath-starter\3.11.0\camel-xpath-starter-3.11.0.jar;C:\Users\Usuario\.m2\repository\org\apache\camel\camel-xpath\3.11.0\camel-xpath-3.11.0.jar;C:\Users\Usuario\.m2\repository\org\apache\camel\springboot\camel-xslt-starter\3.11.0\camel-xslt-starter-3.11.0.jar;C:\Users\Usuario\.m2\repository\org\apache\camel\camel-xslt\3.11.0\camel-xslt-3.11.0.jar;C:\Users\Usuario\.m2\repository\org\apache\camel\springboot\camel-xml-jaxp-starter\3.11.0\camel-xml-jaxp-starter-3.11.0.jar;C:\Users\Usuario\.m2\repository\org\apache\camel\camel-xml-jaxp\3.11.0\camel-xml-jaxp-3.11.0.jar;C:\Users\Usuario\.m2\repository\org\apache\camel\camel-xml-io-util\3.11.0\camel-xml-io-util-3.11.0.jar;C:\Users\Usuario\.m2\repository\org\apache\camel\springboot\camel-stream-starter\3.11.0\camel-stream-starter-3.11.0.jar;C:\Users\Usuario\.m2\repository\org\apache\camel\camel-stream\3.11.0\camel-stream-3.11.0.jar;C:\Users\Usuario\.m2\repository\org\apache\camel\camel-jackson\3.11.0\camel-jackson-3.11.0.jar;C:\Users\Usuario\.m2\repository\org\apache\camel\camel-core-engine\3.11.0\camel-core-engine-3.11.0.jar;C:\Users\Usuario\.m2\repository\org\apache\camel\camel-api\3.11.0\camel-api-3.11.0.jar;C:\Users\Usuario\.m2\repository\org\apache\camel\camel-base-engine\3.11.0\camel-base-engine-3.11.0.jar;C:\Users\Usuario\.m2\repository\org\apache\camel\camel-base\3.11.0\camel-base-3.11.0.jar;C:\Users\Usuario\.m2\repository\org\apache\camel\camel-core-reifier\3.11.0\camel-core-reifier-3.11.0.jar;C:\Users\Usuario\.m2\repository\org\apache\camel\camel-core-processor\3.11.0\camel-core-processor-3.11.0.jar;C:\Users\Usuario\.m2\repository\org\apache\camel\camel-management-api\3.11.0\camel-management-api-3.11.0.jar;C:\Users\Usuario\.m2\repository\org\apache\camel\camel-util\3.11.0\camel-util-3.11.0.jar;C:\Users\Usuario\.m2\repository\com\fasterxml\jackson\core\jackson-databind\2.12.3\jackson-databind-2.12.3.jar;C:\Users\Usuario\.m2\repository\com\fasterxml\jackson\core\jackson-annotations\2.12.3\jackson-annotations-2.12.3.jar;C:\Users\Usuario\.m2\repository\com\fasterxml\jackson\core\jackson-core\2.12.3\jackson-core-2.12.3.jar;C:\Users\Usuario\.m2\repository\org\apache\camel\camel-jetty\3.11.0\camel-jetty-3.11.0.jar;C:\Users\Usuario\.m2\repository\org\apache\camel\camel-support\3.11.0\camel-support-3.11.0.jar;C:\Users\Usuario\.m2\repository\org\slf4j\slf4j-api\1.7.30\slf4j-api-1.7.30.jar;C:\Users\Usuario\.m2\repository\org\apache\camel\camel-http-common\3.11.0\camel-http-common-3.11.0.jar;C:\Users\Usuario\.m2\repository\org\apache\camel\camel-http-base\3.11.0\camel-http-base-3.11.0.jar;C:\Users\Usuario\.m2\repository\org\apache\camel\camel-attachments\3.11.0\camel-attachments-3.11.0.jar;C:\Users\Usuario\.m2\repository\com\sun\activation\javax.activation\1.2.0\javax.activation-1.2.0.jar;C:\Users\Usuario\.m2\repository\org\apache\camel\camel-jetty-common\3.11.0\camel-jetty-common-3.11.0.jar;C:\Users\Usuario\.m2\repository\javax\servlet\javax.servlet-api\4.0.1\javax.servlet-api-4.0.1.jar;C:\Users\Usuario\.m2\repository\org\eclipse\jetty\jetty-server\9.4.42.v20210604\jetty-server-9.4.42.v20210604.jar;C:\Users\Usuario\.m2\repository\org\eclipse\jetty\jetty-http\9.4.42.v20210604\jetty-http-9.4.42.v20210604.jar;C:\Users\Usuario\.m2\repository\org\eclipse\jetty\jetty-io\9.4.42.v20210604\jetty-io-9.4.42.v20210604.jar;C:\Users\Usuario\.m2\repository\org\eclipse\jetty\jetty-servlet\9.4.42.v20210604\jetty-servlet-9.4.42.v20210604.jar;C:\Users\Usuario\.m2\repository\org\eclipse\jetty\jetty-util-ajax\9.4.42.v20210604\jetty-util-ajax-9.4.42.v20210604.jar;C:\Users\Usuario\.m2\repository\org\eclipse\jetty\jetty-security\9.4.42.v20210604\jetty-security-9.4.42.v20210604.jar;C:\Users\Usuario\.m2\repository\org\eclipse\jetty\jetty-servlets\9.4.42.v20210604\jetty-servlets-9.4.42.v20210604.jar;C:\Users\Usuario\.m2\repository\org\eclipse\jetty\jetty-continuation\9.4.42.v20210604\jetty-continuation-9.4.42.v20210604.jar;C:\Users\Usuario\.m2\repository\org\eclipse\jetty\jetty-client\9.4.42.v20210604\jetty-client-9.4.42.v20210604.jar;C:\Users\Usuario\.m2\repository\org\eclipse\jetty\jetty-jmx\9.4.42.v20210604\jetty-jmx-9.4.42.v20210604.jar;C:\Users\Usuario\.m2\repository\org\eclipse\jetty\jetty-util\9.4.42.v20210604\jetty-util-9.4.42.v20210604.jar;C:\Users\Usuario\.m2\repository\org\apache\camel\camel-servlet\3.11.0\camel-servlet-3.11.0.jar;C:\Users\Usuario\.m2\repository\com\h2database\h2\1.4.200\h2-1.4.200.jar;C:\Users\Usuario\.m2\repository\io\agroal\agroal-spring-boot-starter\1.12\agroal-spring-boot-starter-1.12.jar;C:\Users\Usuario\.m2\repository\io\agroal\agroal-api\1.12\agroal-api-1.12.jar;C:\Users\Usuario\.m2\repository\io\agroal\agroal-pool\1.12\agroal-pool-1.12.jar;C:\Users\Usuario\.m2\repository\io\agroal\agroal-narayana\1.12\agroal-narayana-1.12.jar;C:\Users\Usuario\.m2\repository\org\jboss\jboss-transaction-spi\7.6.1.Final\jboss-transaction-spi-7.6.1.Final.jar;C:\Users\Usuario\.m2\repository\org\jboss\spec\javax\resource\jboss-connector-api_1.7_spec\1.0.0.Final\jboss-connector-api_1.7_spec-1.0.0.Final.jar;C:\Users\Usuario\.m2\repository\org\jboss\spec\javax\transaction\jboss-transaction-api_1.2_spec\1.0.0.Alpha3\jboss-transaction-api_1.2_spec-1.0.0.Alpha3.jar;C:\Users\Usuario\.m2\repository\org\springframework\boot\spring-boot-starter-data-jpa\2.5.1\spring-boot-starter-data-jpa-2.5.1.jar;C:\Users\Usuario\.m2\repository\org\springframework\boot\spring-boot-starter-aop\2.5.1\spring-boot-starter-aop-2.5.1.jar;C:\Users\Usuario\.m2\repository\org\aspectj\aspectjweaver\1.9.6\aspectjweaver-1.9.6.jar;C:\Users\Usuario\.m2\repository\jakarta\transaction\jakarta.transaction-api\1.3.3\jakarta.transaction-api-1.3.3.jar;C:\Users\Usuario\.m2\repository\jakarta\persistence\jakarta.persistence-api\2.2.3\jakarta.persistence-api-2.2.3.jar;C:\Users\Usuario\.m2\repository\org\hibernate\hibernate-core\5.4.32.Final\hibernate-core-5.4.32.Final.jar;C:\Users\Usuario\.m2\repository\org\javassist\javassist\3.27.0-GA\javassist-3.27.0-GA.jar;C:\Users\Usuario\.m2\repository\net\bytebuddy\byte-buddy\1.10.22\byte-buddy-1.10.22.jar;C:\Users\Usuario\.m2\repository\antlr\antlr\2.7.7\antlr-2.7.7.jar;C:\Users\Usuario\.m2\repository\org\jboss\jandex\2.2.3.Final\jandex-2.2.3.Final.jar;C:\Users\Usuario\.m2\repository\com\fasterxml\classmate\1.5.1\classmate-1.5.1.jar;C:\Users\Usuario\.m2\repository\org\dom4j\dom4j\2.1.3\dom4j-2.1.3.jar;C:\Users\Usuario\.m2\repository\org\hibernate\common\hibernate-commons-annotations\5.1.2.Final\hibernate-commons-annotations-5.1.2.Final.jar;C:\Users\Usuario\.m2\repository\org\glassfish\jaxb\jaxb-runtime\2.3.4\jaxb-runtime-2.3.4.jar;C:\Users\Usuario\.m2\repository\org\glassfish\jaxb\txw2\2.3.4\txw2-2.3.4.jar;C:\Users\Usuario\.m2\repository\com\sun\istack\istack-commons-runtime\3.0.12\istack-commons-runtime-3.0.12.jar;C:\Users\Usuario\.m2\repository\com\sun\activation\jakarta.activation\1.2.2\jakarta.activation-1.2.2.jar;C:\Users\Usuario\.m2\repository\org\springframework\data\spring-data-jpa\2.5.1\spring-data-jpa-2.5.1.jar;C:\Users\Usuario\.m2\repository\org\springframework\data\spring-data-commons\2.5.1\spring-data-commons-2.5.1.jar;C:\Users\Usuario\.m2\repository\org\springframework\spring-orm\5.3.8\spring-orm-5.3.8.jar;C:\Users\Usuario\.m2\repository\org\springframework\spring-tx\5.3.8\spring-tx-5.3.8.jar;C:\Users\Usuario\.m2\repository\org\springframework\spring-aspects\5.3.8\spring-aspects-5.3.8.jar;C:\Users\Usuario\.m2\repository\org\apache\camel\springboot\camel-sql-starter\3.11.0\camel-sql-starter-3.11.0.jar;C:\Users\Usuario\.m2\repository\org\apache\camel\camel-sql\3.11.0\camel-sql-3.11.0.jar;C:\Users\Usuario\.m2\repository\org\springframework\boot\spring-boot-starter-jdbc\2.5.1\spring-boot-starter-jdbc-2.5.1.jar;C:\Users\Usuario\.m2\repository\com\zaxxer\HikariCP\4.0.3\HikariCP-4.0.3.jar;C:\Users\Usuario\.m2\repository\org\springframework\spring-jdbc\5.3.8\spring-jdbc-5.3.8.jar;C:\Users\Usuario\.m2\repository\org\springframework\boot\spring-boot-starter-test\2.5.1\spring-boot-starter-test-2.5.1.jar;C:\Users\Usuario\.m2\repository\org\springframework\boot\spring-boot-test\2.5.1\spring-boot-test-2.5.1.jar;C:\Users\Usuario\.m2\repository\org\springframework\boot\spring-boot-test-autoconfigure\2.5.1\spring-boot-test-autoconfigure-2.5.1.jar;C:\Users\Usuario\.m2\repository\com\jayway\jsonpath\json-path\2.5.0\json-path-2.5.0.jar;C:\Users\Usuario\.m2\repository\net\minidev\json-smart\2.4.7\json-smart-2.4.7.jar;C:\Users\Usuario\.m2\repository\net\minidev\accessors-smart\2.4.7\accessors-smart-2.4.7.jar;C:\Users\Usuario\.m2\repository\org\ow2\asm\asm\9.1\asm-9.1.jar;C:\Users\Usuario\.m2\repository\jakarta\xml\bind\jakarta.xml.bind-api\2.3.3\jakarta.xml.bind-api-2.3.3.jar;C:\Users\Usuario\.m2\repository\jakarta\activation\jakarta.activation-api\1.2.2\jakarta.activation-api-1.2.2.jar;C:\Users\Usuario\.m2\repository\org\assertj\assertj-core\3.19.0\assertj-core-3.19.0.jar;C:\Users\Usuario\.m2\repository\org\hamcrest\hamcrest\2.2\hamcrest-2.2.jar;C:\Users\Usuario\.m2\repository\org\junit\jupiter\junit-jupiter\5.7.2\junit-jupiter-5.7.2.jar;C:\Users\Usuario\.m2\repository\org\junit\jupiter\junit-jupiter-api\5.7.2\junit-jupiter-api-5.7.2.jar;C:\Users\Usuario\.m2\repository\org\apiguardian\apiguardian-api\1.1.0\apiguardian-api-1.1.0.jar;C:\Users\Usuario\.m2\repository\org\opentest4j\opentest4j\1.2.0\opentest4j-1.2.0.jar;C:\Users\Usuario\.m2\repository\org\junit\platform\junit-platform-commons\1.7.2\junit-platform-commons-1.7.2.jar;C:\Users\Usuario\.m2\repository\org\junit\jupiter\junit-jupiter-params\5.7.2\junit-jupiter-params-5.7.2.jar;C:\Users\Usuario\.m2\repository\org\junit\jupiter\junit-jupiter-engine\5.7.2\junit-jupiter-engine-5.7.2.jar;C:\Users\Usuario\.m2\repository\org\junit\platform\junit-platform-engine\1.7.2\junit-platform-engine-1.7.2.jar;C:\Users\Usuario\.m2\repository\org\mockito\mockito-core\3.9.0\mockito-core-3.9.0.jar;C:\Users\Usuario\.m2\repository\net\bytebuddy\byte-buddy-agent\1.10.22\byte-buddy-agent-1.10.22.jar;C:\Users\Usuario\.m2\repository\org\objenesis\objenesis\3.2\objenesis-3.2.jar;C:\Users\Usuario\.m2\repository\org\mockito\mockito-junit-jupiter\3.9.0\mockito-junit-jupiter-3.9.0.jar;C:\Users\Usuario\.m2\repository\org\skyscreamer\jsonassert\1.5.0\jsonassert-1.5.0.jar;C:\Users\Usuario\.m2\repository\com\vaadin\external\google\android-json\0.0.20131108.vaadin1\android-json-0.0.20131108.vaadin1.jar;C:\Users\Usuario\.m2\repository\org\springframework\spring-core\5.3.8\spring-core-5.3.8.jar;C:\Users\Usuario\.m2\repository\org\springframework\spring-jcl\5.3.8\spring-jcl-5.3.8.jar;C:\Users\Usuario\.m2\repository\org\springframework\spring-test\5.3.8\spring-test-5.3.8.jar;C:\Users\Usuario\.m2\repository\org\xmlunit\xmlunit-core\2.8.2\xmlunit-core-2.8.2.jar;C:\Users\Usuario\.m2\repository\org\apache\camel\camel-test-spring-junit5\3.11.0\camel-test-spring-junit5-3.11.0.jar;C:\Users\Usuario\.m2\repository\org\apache\camel\camel-test-junit5\3.11.0\camel-test-junit5-3.11.0.jar;C:\Users\Usuario\.m2\repository\org\apache\camel\camel-core-languages\3.11.0\camel-core-languages-3.11.0.jar;C:\Users\Usuario\.m2\repository\org\apache\camel\camel-spring-xml\3.11.0\camel-spring-xml-3.11.0.jar;C:\Users\Usuario\.m2\repository\org\apache\camel\camel-xml-jaxb\3.11.0\camel-xml-jaxb-3.11.0.jar;C:\Users\Usuario\.m2\repository\com\sun\xml\bind\jaxb-core\2.3.0\jaxb-core-2.3.0.jar;C:\Users\Usuario\.m2\repository\com\sun\xml\bind\jaxb-impl\2.3.3\jaxb-impl-2.3.3.jar;C:\Users\Usuario\.m2\repository\org\apache\camel\camel-core-xml\3.11.0\camel-core-xml-3.11.0.jar;"/>
    <property name="java.vm.vendor" value="Oracle Corporation"/>
    <property name="sun.arch.data.model" value="64"/>
    <property name="user.variant" value=""/>
    <property name="java.vendor.url" value="http://java.oracle.com/"/>
    <property name="user.timezone" value="America/Bogota"/>
    <property name="java.vm.specification.version" value="1.8"/>
    <property name="os.name" value="Windows 10"/>
    <property name="user.country" value="CO"/>
    <property name="sun.java.launcher" value="SUN_STANDARD"/>
    <property name="sun.boot.library.path" value="C:\Program Files\Java\jdk1.8.0_301\jre\bin"/>
    <property name="sun.java.command" value="C:\Users\Usuario\AppData\Local\Temp\surefire44245857982446237\surefirebooter3588440789010646320.jar C:\Users\Usuario\AppData\Local\Temp\surefire44245857982446237 2021-11-11T09-42-38_870-jvmRun1 surefire6131453091126885311tmp surefire_01305031582083303887tmp"/>
    <property name="surefire.test.class.path" value="C:\Users\Usuario\Documents\Workspace Spring Tool Suite\prueba-camel\target\test-classes;C:\Users\Usuario\Documents\Workspace Spring Tool Suite\prueba-camel\target\classes;C:\Users\Usuario\.m2\repository\org\springframework\boot\spring-boot-starter-web\2.5.1\spring-boot-starter-web-2.5.1.jar;C:\Users\Usuario\.m2\repository\org\springframework\boot\spring-boot-starter\2.5.1\spring-boot-starter-2.5.1.jar;C:\Users\Usuario\.m2\repository\org\springframework\boot\spring-boot\2.5.1\spring-boot-2.5.1.jar;C:\Users\Usuario\.m2\repository\org\springframework\boot\spring-boot-autoconfigure\2.5.1\spring-boot-autoconfigure-2.5.1.jar;C:\Users\Usuario\.m2\repository\org\springframework\boot\spring-boot-starter-logging\2.5.1\spring-boot-starter-logging-2.5.1.jar;C:\Users\Usuario\.m2\repository\ch\qos\logback\logback-classic\1.2.3\logback-classic-1.2.3.jar;C:\Users\Usuario\.m2\repository\ch\qos\logback\logback-core\1.2.3\logback-core-1.2.3.jar;C:\Users\Usuario\.m2\repository\org\apache\logging\log4j\log4j-to-slf4j\2.14.1\log4j-to-slf4j-2.14.1.jar;C:\Users\Usuario\.m2\repository\org\apache\logging\log4j\log4j-api\2.14.1\log4j-api-2.14.1.jar;C:\Users\Usuario\.m2\repository\org\slf4j\jul-to-slf4j\1.7.30\jul-to-slf4j-1.7.30.jar;C:\Users\Usuario\.m2\repository\jakarta\annotation\jakarta.annotation-api\1.3.5\jakarta.annotation-api-1.3.5.jar;C:\Users\Usuario\.m2\repository\org\yaml\snakeyaml\1.28\snakeyaml-1.28.jar;C:\Users\Usuario\.m2\repository\org\springframework\boot\spring-boot-starter-json\2.5.1\spring-boot-starter-json-2.5.1.jar;C:\Users\Usuario\.m2\repository\com\fasterxml\jackson\datatype\jackson-datatype-jdk8\2.12.3\jackson-datatype-jdk8-2.12.3.jar;C:\Users\Usuario\.m2\repository\com\fasterxml\jackson\datatype\jackson-datatype-jsr310\2.12.3\jackson-datatype-jsr310-2.12.3.jar;C:\Users\Usuario\.m2\repository\com\fasterxml\jackson\module\jackson-module-parameter-names\2.12.3\jackson-module-parameter-names-2.12.3.jar;C:\Users\Usuario\.m2\repository\org\springframework\spring-web\5.3.8\spring-web-5.3.8.jar;C:\Users\Usuario\.m2\repository\org\springframework\spring-beans\5.3.8\spring-beans-5.3.8.jar;C:\Users\Usuario\.m2\repository\org\springframework\spring-webmvc\5.3.8\spring-webmvc-5.3.8.jar;C:\Users\Usuario\.m2\repository\org\springframework\spring-aop\5.3.8\spring-aop-5.3.8.jar;C:\Users\Usuario\.m2\repository\org\springframework\spring-context\5.3.8\spring-context-5.3.8.jar;C:\Users\Usuario\.m2\repository\org\springframework\spring-expression\5.3.8\spring-expression-5.3.8.jar;C:\Users\Usuario\.m2\repository\org\springframework\boot\spring-boot-starter-undertow\2.5.1\spring-boot-starter-undertow-2.5.1.jar;C:\Users\Usuario\.m2\repository\io\undertow\undertow-core\2.2.8.Final\undertow-core-2.2.8.Final.jar;C:\Users\Usuario\.m2\repository\org\jboss\logging\jboss-logging\3.4.2.Final\jboss-logging-3.4.2.Final.jar;C:\Users\Usuario\.m2\repository\org\jboss\xnio\xnio-api\3.8.0.Final\xnio-api-3.8.0.Final.jar;C:\Users\Usuario\.m2\repository\org\wildfly\common\wildfly-common\1.5.2.Final\wildfly-common-1.5.2.Final.jar;C:\Users\Usuario\.m2\repository\org\wildfly\client\wildfly-client-config\1.0.1.Final\wildfly-client-config-1.0.1.Final.jar;C:\Users\Usuario\.m2\repository\org\jboss\xnio\xnio-nio\3.8.0.Final\xnio-nio-3.8.0.Final.jar;C:\Users\Usuario\.m2\repository\org\jboss\threads\jboss-threads\3.1.0.Final\jboss-threads-3.1.0.Final.jar;C:\Users\Usuario\.m2\repository\io\undertow\undertow-servlet\2.2.8.Final\undertow-servlet-2.2.8.Final.jar;C:\Users\Usuario\.m2\repository\org\jboss\spec\javax\annotation\jboss-annotations-api_1.3_spec\2.0.1.Final\jboss-annotations-api_1.3_spec-2.0.1.Final.jar;C:\Users\Usuario\.m2\repository\io\undertow\undertow-websockets-jsr\2.2.8.Final\undertow-websockets-jsr-2.2.8.Final.jar;C:\Users\Usuario\.m2\repository\org\jboss\spec\javax\websocket\jboss-websocket-api_1.1_spec\2.0.0.Final\jboss-websocket-api_1.1_spec-2.0.0.Final.jar;C:\Users\Usuario\.m2\repository\jakarta\servlet\jakarta.servlet-api\4.0.4\jakarta.servlet-api-4.0.4.jar;C:\Users\Usuario\.m2\repository\org\apache\tomcat\embed\tomcat-embed-el\9.0.46\tomcat-embed-el-9.0.46.jar;C:\Users\Usuario\.m2\repository\org\springframework\boot\spring-boot-starter-actuator\2.5.1\spring-boot-starter-actuator-2.5.1.jar;C:\Users\Usuario\.m2\repository\org\springframework\boot\spring-boot-actuator-autoconfigure\2.5.1\spring-boot-actuator-autoconfigure-2.5.1.jar;C:\Users\Usuario\.m2\repository\org\springframework\boot\spring-boot-actuator\2.5.1\spring-boot-actuator-2.5.1.jar;C:\Users\Usuario\.m2\repository\io\micrometer\micrometer-core\1.7.0\micrometer-core-1.7.0.jar;C:\Users\Usuario\.m2\repository\org\hdrhistogram\HdrHistogram\2.1.12\HdrHistogram-2.1.12.jar;C:\Users\Usuario\.m2\repository\org\latencyutils\LatencyUtils\2.0.3\LatencyUtils-2.0.3.jar;C:\Users\Usuario\.m2\repository\org\apache\camel\springboot\camel-spring-boot-starter\3.11.0\camel-spring-boot-starter-3.11.0.jar;C:\Users\Usuario\.m2\repository\org\apache\camel\springboot\camel-spring-boot\3.11.0\camel-spring-boot-3.11.0.jar;C:\Users\Usuario\.m2\repository\org\apache\camel\camel-spring\3.11.0\camel-spring-3.11.0.jar;C:\Users\Usuario\.m2\repository\org\apache\camel\camel-spring-main\3.11.0\camel-spring-main-3.11.0.jar;C:\Users\Usuario\.m2\repository\org\apache\camel\camel-main\3.11.0\camel-main-3.11.0.jar;C:\Users\Usuario\.m2\repository\org\apache\camel\camel-xml-jaxb-dsl\3.11.0\camel-xml-jaxb-dsl-3.11.0.jar;C:\Users\Usuario\.m2\repository\org\apache\camel\camel-core-model\3.11.0\camel-core-model-3.11.0.jar;C:\Users\Usuario\.m2\repository\org\apache\camel\camel-dsl-support\3.11.0\camel-dsl-support-3.11.0.jar;C:\Users\Usuario\.m2\repository\org\apache\camel\camel-endpointdsl\3.11.0\camel-endpointdsl-3.11.0.jar;C:\Users\Usuario\.m2\repository\org\apache\camel\camel-cloud\3.11.0\camel-cloud-3.11.0.jar;C:\Users\Usuario\.m2\repository\org\apache\camel\camel-cluster\3.11.0\camel-cluster-3.11.0.jar;C:\Users\Usuario\.m2\repository\org\apache\camel\camel-health\3.11.0\camel-health-3.11.0.jar;C:\Users\Usuario\.m2\repository\org\apache\camel\springboot\camel-core-starter\3.11.0\camel-core-starter-3.11.0.jar;C:\Users\Usuario\.m2\repository\org\apache\camel\springboot\camel-bean-starter\3.11.0\camel-bean-starter-3.11.0.jar;C:\Users\Usuario\.m2\repository\org\apache\camel\camel-bean\3.11.0\camel-bean-3.11.0.jar;C:\Users\Usuario\.m2\repository\org\apache\camel\springboot\camel-browse-starter\3.11.0\camel-browse-starter-3.11.0.jar;C:\Users\Usuario\.m2\repository\org\apache\camel\camel-browse\3.11.0\camel-browse-3.11.0.jar;C:\Users\Usuario\.m2\repository\org\apache\camel\springboot\camel-controlbus-starter\3.11.0\camel-controlbus-starter-3.11.0.jar;C:\Users\Usuario\.m2\repository\org\apache\camel\camel-controlbus\3.11.0\camel-controlbus-3.11.0.jar;C:\Users\Usuario\.m2\repository\org\apache\camel\springboot\camel-dataformat-starter\3.11.0\camel-dataformat-starter-3.11.0.jar;C:\Users\Usuario\.m2\repository\org\apache\camel\camel-dataformat\3.11.0\camel-dataformat-3.11.0.jar;C:\Users\Usuario\.m2\repository\org\apache\camel\springboot\camel-dataset-starter\3.11.0\camel-dataset-starter-3.11.0.jar;C:\Users\Usuario\.m2\repository\org\apache\camel\camel-dataset\3.11.0\camel-dataset-3.11.0.jar;C:\Users\Usuario\.m2\repository\org\apache\camel\springboot\camel-direct-starter\3.11.0\camel-direct-starter-3.11.0.jar;C:\Users\Usuario\.m2\repository\org\apache\camel\camel-direct\3.11.0\camel-direct-3.11.0.jar;C:\Users\Usuario\.m2\repository\org\apache\camel\springboot\camel-directvm-starter\3.11.0\camel-directvm-starter-3.11.0.jar;C:\Users\Usuario\.m2\repository\org\apache\camel\camel-directvm\3.11.0\camel-directvm-3.11.0.jar;C:\Users\Usuario\.m2\repository\org\apache\camel\springboot\camel-file-starter\3.11.0\camel-file-starter-3.11.0.jar;C:\Users\Usuario\.m2\repository\org\apache\camel\camel-file\3.11.0\camel-file-3.11.0.jar;C:\Users\Usuario\.m2\repository\org\apache\camel\springboot\camel-language-starter\3.11.0\camel-language-starter-3.11.0.jar;C:\Users\Usuario\.m2\repository\org\apache\camel\camel-language\3.11.0\camel-language-3.11.0.jar;C:\Users\Usuario\.m2\repository\org\apache\camel\springboot\camel-log-starter\3.11.0\camel-log-starter-3.11.0.jar;C:\Users\Usuario\.m2\repository\org\apache\camel\camel-log\3.11.0\camel-log-3.11.0.jar;C:\Users\Usuario\.m2\repository\org\apache\camel\springboot\camel-mock-starter\3.11.0\camel-mock-starter-3.11.0.jar;C:\Users\Usuario\.m2\repository\org\apache\camel\camel-mock\3.11.0\camel-mock-3.11.0.jar;C:\Users\Usuario\.m2\repository\org\apache\camel\springboot\camel-ref-starter\3.11.0\camel-ref-starter-3.11.0.jar;C:\Users\Usuario\.m2\repository\org\apache\camel\camel-ref\3.11.0\camel-ref-3.11.0.jar;C:\Users\Usuario\.m2\repository\org\apache\camel\springboot\camel-rest-starter\3.11.0\camel-rest-starter-3.11.0.jar;C:\Users\Usuario\.m2\repository\org\apache\camel\camel-rest\3.11.0\camel-rest-3.11.0.jar;C:\Users\Usuario\.m2\repository\org\apache\camel\camel-tooling-model\3.11.0\camel-tooling-model-3.11.0.jar;C:\Users\Usuario\.m2\repository\org\apache\camel\camel-util-json\3.11.0\camel-util-json-3.11.0.jar;C:\Users\Usuario\.m2\repository\org\apache\camel\springboot\camel-saga-starter\3.11.0\camel-saga-starter-3.11.0.jar;C:\Users\Usuario\.m2\repository\org\apache\camel\camel-saga\3.11.0\camel-saga-3.11.0.jar;C:\Users\Usuario\.m2\repository\org\apache\camel\springboot\camel-scheduler-starter\3.11.0\camel-scheduler-starter-3.11.0.jar;C:\Users\Usuario\.m2\repository\org\apache\camel\camel-scheduler\3.11.0\camel-scheduler-3.11.0.jar;C:\Users\Usuario\.m2\repository\org\apache\camel\springboot\camel-seda-starter\3.11.0\camel-seda-starter-3.11.0.jar;C:\Users\Usuario\.m2\repository\org\apache\camel\camel-seda\3.11.0\camel-seda-3.11.0.jar;C:\Users\Usuario\.m2\repository\org\apache\camel\springboot\camel-stub-starter\3.11.0\camel-stub-starter-3.11.0.jar;C:\Users\Usuario\.m2\repository\org\apache\camel\camel-stub\3.11.0\camel-stub-3.11.0.jar;C:\Users\Usuario\.m2\repository\org\apache\camel\springboot\camel-timer-starter\3.11.0\camel-timer-starter-3.11.0.jar;C:\Users\Usuario\.m2\repository\org\apache\camel\camel-timer\3.11.0\camel-timer-3.11.0.jar;C:\Users\Usuario\.m2\repository\org\apache\camel\springboot\camel-validator-starter\3.11.0\camel-validator-starter-3.11.0.jar;C:\Users\Usuario\.m2\repository\org\apache\camel\camel-validator\3.11.0\camel-validator-3.11.0.jar;C:\Users\Usuario\.m2\repository\org\apache\camel\springboot\camel-vm-starter\3.11.0\camel-vm-starter-3.11.0.jar;C:\Users\Usuario\.m2\repository\org\apache\camel\camel-vm\3.11.0\camel-vm-3.11.0.jar;C:\Users\Usuario\.m2\repository\org\apache\camel\springboot\camel-xpath-starter\3.11.0\camel-xpath-starter-3.11.0.jar;C:\Users\Usuario\.m2\repository\org\apache\camel\camel-xpath\3.11.0\camel-xpath-3.11.0.jar;C:\Users\Usuario\.m2\repository\org\apache\camel\springboot\camel-xslt-starter\3.11.0\camel-xslt-starter-3.11.0.jar;C:\Users\Usuario\.m2\repository\org\apache\camel\camel-xslt\3.11.0\camel-xslt-3.11.0.jar;C:\Users\Usuario\.m2\repository\org\apache\camel\springboot\camel-xml-jaxp-starter\3.11.0\camel-xml-jaxp-starter-3.11.0.jar;C:\Users\Usuario\.m2\repository\org\apache\camel\camel-xml-jaxp\3.11.0\camel-xml-jaxp-3.11.0.jar;C:\Users\Usuario\.m2\repository\org\apache\camel\camel-xml-io-util\3.11.0\camel-xml-io-util-3.11.0.jar;C:\Users\Usuario\.m2\repository\org\apache\camel\springboot\camel-stream-starter\3.11.0\camel-stream-starter-3.11.0.jar;C:\Users\Usuario\.m2\repository\org\apache\camel\camel-stream\3.11.0\camel-stream-3.11.0.jar;C:\Users\Usuario\.m2\repository\org\apache\camel\camel-jackson\3.11.0\camel-jackson-3.11.0.jar;C:\Users\Usuario\.m2\repository\org\apache\camel\camel-core-engine\3.11.0\camel-core-engine-3.11.0.jar;C:\Users\Usuario\.m2\repository\org\apache\camel\camel-api\3.11.0\camel-api-3.11.0.jar;C:\Users\Usuario\.m2\repository\org\apache\camel\camel-base-engine\3.11.0\camel-base-engine-3.11.0.jar;C:\Users\Usuario\.m2\repository\org\apache\camel\camel-base\3.11.0\camel-base-3.11.0.jar;C:\Users\Usuario\.m2\repository\org\apache\camel\camel-core-reifier\3.11.0\camel-core-reifier-3.11.0.jar;C:\Users\Usuario\.m2\repository\org\apache\camel\camel-core-processor\3.11.0\camel-core-processor-3.11.0.jar;C:\Users\Usuario\.m2\repository\org\apache\camel\camel-management-api\3.11.0\camel-management-api-3.11.0.jar;C:\Users\Usuario\.m2\repository\org\apache\camel\camel-util\3.11.0\camel-util-3.11.0.jar;C:\Users\Usuario\.m2\repository\com\fasterxml\jackson\core\jackson-databind\2.12.3\jackson-databind-2.12.3.jar;C:\Users\Usuario\.m2\repository\com\fasterxml\jackson\core\jackson-annotations\2.12.3\jackson-annotations-2.12.3.jar;C:\Users\Usuario\.m2\repository\com\fasterxml\jackson\core\jackson-core\2.12.3\jackson-core-2.12.3.jar;C:\Users\Usuario\.m2\repository\org\apache\camel\camel-jetty\3.11.0\camel-jetty-3.11.0.jar;C:\Users\Usuario\.m2\repository\org\apache\camel\camel-support\3.11.0\camel-support-3.11.0.jar;C:\Users\Usuario\.m2\repository\org\slf4j\slf4j-api\1.7.30\slf4j-api-1.7.30.jar;C:\Users\Usuario\.m2\repository\org\apache\camel\camel-http-common\3.11.0\camel-http-common-3.11.0.jar;C:\Users\Usuario\.m2\repository\org\apache\camel\camel-http-base\3.11.0\camel-http-base-3.11.0.jar;C:\Users\Usuario\.m2\repository\org\apache\camel\camel-attachments\3.11.0\camel-attachments-3.11.0.jar;C:\Users\Usuario\.m2\repository\com\sun\activation\javax.activation\1.2.0\javax.activation-1.2.0.jar;C:\Users\Usuario\.m2\repository\org\apache\camel\camel-jetty-common\3.11.0\camel-jetty-common-3.11.0.jar;C:\Users\Usuario\.m2\repository\javax\servlet\javax.servlet-api\4.0.1\javax.servlet-api-4.0.1.jar;C:\Users\Usuario\.m2\repository\org\eclipse\jetty\jetty-server\9.4.42.v20210604\jetty-server-9.4.42.v20210604.jar;C:\Users\Usuario\.m2\repository\org\eclipse\jetty\jetty-http\9.4.42.v20210604\jetty-http-9.4.42.v20210604.jar;C:\Users\Usuario\.m2\repository\org\eclipse\jetty\jetty-io\9.4.42.v20210604\jetty-io-9.4.42.v20210604.jar;C:\Users\Usuario\.m2\repository\org\eclipse\jetty\jetty-servlet\9.4.42.v20210604\jetty-servlet-9.4.42.v20210604.jar;C:\Users\Usuario\.m2\repository\org\eclipse\jetty\jetty-util-ajax\9.4.42.v20210604\jetty-util-ajax-9.4.42.v20210604.jar;C:\Users\Usuario\.m2\repository\org\eclipse\jetty\jetty-security\9.4.42.v20210604\jetty-security-9.4.42.v20210604.jar;C:\Users\Usuario\.m2\repository\org\eclipse\jetty\jetty-servlets\9.4.42.v20210604\jetty-servlets-9.4.42.v20210604.jar;C:\Users\Usuario\.m2\repository\org\eclipse\jetty\jetty-continuation\9.4.42.v20210604\jetty-continuation-9.4.42.v20210604.jar;C:\Users\Usuario\.m2\repository\org\eclipse\jetty\jetty-client\9.4.42.v20210604\jetty-client-9.4.42.v20210604.jar;C:\Users\Usuario\.m2\repository\org\eclipse\jetty\jetty-jmx\9.4.42.v20210604\jetty-jmx-9.4.42.v20210604.jar;C:\Users\Usuario\.m2\repository\org\eclipse\jetty\jetty-util\9.4.42.v20210604\jetty-util-9.4.42.v20210604.jar;C:\Users\Usuario\.m2\repository\org\apache\camel\camel-servlet\3.11.0\camel-servlet-3.11.0.jar;C:\Users\Usuario\.m2\repository\com\h2database\h2\1.4.200\h2-1.4.200.jar;C:\Users\Usuario\.m2\repository\io\agroal\agroal-spring-boot-starter\1.12\agroal-spring-boot-starter-1.12.jar;C:\Users\Usuario\.m2\repository\io\agroal\agroal-api\1.12\agroal-api-1.12.jar;C:\Users\Usuario\.m2\repository\io\agroal\agroal-pool\1.12\agroal-pool-1.12.jar;C:\Users\Usuario\.m2\repository\io\agroal\agroal-narayana\1.12\agroal-narayana-1.12.jar;C:\Users\Usuario\.m2\repository\org\jboss\jboss-transaction-spi\7.6.1.Final\jboss-transaction-spi-7.6.1.Final.jar;C:\Users\Usuario\.m2\repository\org\jboss\spec\javax\resource\jboss-connector-api_1.7_spec\1.0.0.Final\jboss-connector-api_1.7_spec-1.0.0.Final.jar;C:\Users\Usuario\.m2\repository\org\jboss\spec\javax\transaction\jboss-transaction-api_1.2_spec\1.0.0.Alpha3\jboss-transaction-api_1.2_spec-1.0.0.Alpha3.jar;C:\Users\Usuario\.m2\repository\org\springframework\boot\spring-boot-starter-data-jpa\2.5.1\spring-boot-starter-data-jpa-2.5.1.jar;C:\Users\Usuario\.m2\repository\org\springframework\boot\spring-boot-starter-aop\2.5.1\spring-boot-starter-aop-2.5.1.jar;C:\Users\Usuario\.m2\repository\org\aspectj\aspectjweaver\1.9.6\aspectjweaver-1.9.6.jar;C:\Users\Usuario\.m2\repository\jakarta\transaction\jakarta.transaction-api\1.3.3\jakarta.transaction-api-1.3.3.jar;C:\Users\Usuario\.m2\repository\jakarta\persistence\jakarta.persistence-api\2.2.3\jakarta.persistence-api-2.2.3.jar;C:\Users\Usuario\.m2\repository\org\hibernate\hibernate-core\5.4.32.Final\hibernate-core-5.4.32.Final.jar;C:\Users\Usuario\.m2\repository\org\javassist\javassist\3.27.0-GA\javassist-3.27.0-GA.jar;C:\Users\Usuario\.m2\repository\net\bytebuddy\byte-buddy\1.10.22\byte-buddy-1.10.22.jar;C:\Users\Usuario\.m2\repository\antlr\antlr\2.7.7\antlr-2.7.7.jar;C:\Users\Usuario\.m2\repository\org\jboss\jandex\2.2.3.Final\jandex-2.2.3.Final.jar;C:\Users\Usuario\.m2\repository\com\fasterxml\classmate\1.5.1\classmate-1.5.1.jar;C:\Users\Usuario\.m2\repository\org\dom4j\dom4j\2.1.3\dom4j-2.1.3.jar;C:\Users\Usuario\.m2\repository\org\hibernate\common\hibernate-commons-annotations\5.1.2.Final\hibernate-commons-annotations-5.1.2.Final.jar;C:\Users\Usuario\.m2\repository\org\glassfish\jaxb\jaxb-runtime\2.3.4\jaxb-runtime-2.3.4.jar;C:\Users\Usuario\.m2\repository\org\glassfish\jaxb\txw2\2.3.4\txw2-2.3.4.jar;C:\Users\Usuario\.m2\repository\com\sun\istack\istack-commons-runtime\3.0.12\istack-commons-runtime-3.0.12.jar;C:\Users\Usuario\.m2\repository\com\sun\activation\jakarta.activation\1.2.2\jakarta.activation-1.2.2.jar;C:\Users\Usuario\.m2\repository\org\springframework\data\spring-data-jpa\2.5.1\spring-data-jpa-2.5.1.jar;C:\Users\Usuario\.m2\repository\org\springframework\data\spring-data-commons\2.5.1\spring-data-commons-2.5.1.jar;C:\Users\Usuario\.m2\repository\org\springframework\spring-orm\5.3.8\spring-orm-5.3.8.jar;C:\Users\Usuario\.m2\repository\org\springframework\spring-tx\5.3.8\spring-tx-5.3.8.jar;C:\Users\Usuario\.m2\repository\org\springframework\spring-aspects\5.3.8\spring-aspects-5.3.8.jar;C:\Users\Usuario\.m2\repository\org\apache\camel\springboot\camel-sql-starter\3.11.0\camel-sql-starter-3.11.0.jar;C:\Users\Usuario\.m2\repository\org\apache\camel\camel-sql\3.11.0\camel-sql-3.11.0.jar;C:\Users\Usuario\.m2\repository\org\springframework\boot\spring-boot-starter-jdbc\2.5.1\spring-boot-starter-jdbc-2.5.1.jar;C:\Users\Usuario\.m2\repository\com\zaxxer\HikariCP\4.0.3\HikariCP-4.0.3.jar;C:\Users\Usuario\.m2\repository\org\springframework\spring-jdbc\5.3.8\spring-jdbc-5.3.8.jar;C:\Users\Usuario\.m2\repository\org\springframework\boot\spring-boot-starter-test\2.5.1\spring-boot-starter-test-2.5.1.jar;C:\Users\Usuario\.m2\repository\org\springframework\boot\spring-boot-test\2.5.1\spring-boot-test-2.5.1.jar;C:\Users\Usuario\.m2\repository\org\springframework\boot\spring-boot-test-autoconfigure\2.5.1\spring-boot-test-autoconfigure-2.5.1.jar;C:\Users\Usuario\.m2\repository\com\jayway\jsonpath\json-path\2.5.0\json-path-2.5.0.jar;C:\Users\Usuario\.m2\repository\net\minidev\json-smart\2.4.7\json-smart-2.4.7.jar;C:\Users\Usuario\.m2\repository\net\minidev\accessors-smart\2.4.7\accessors-smart-2.4.7.jar;C:\Users\Usuario\.m2\repository\org\ow2\asm\asm\9.1\asm-9.1.jar;C:\Users\Usuario\.m2\repository\jakarta\xml\bind\jakarta.xml.bind-api\2.3.3\jakarta.xml.bind-api-2.3.3.jar;C:\Users\Usuario\.m2\repository\jakarta\activation\jakarta.activation-api\1.2.2\jakarta.activation-api-1.2.2.jar;C:\Users\Usuario\.m2\repository\org\assertj\assertj-core\3.19.0\assertj-core-3.19.0.jar;C:\Users\Usuario\.m2\repository\org\hamcrest\hamcrest\2.2\hamcrest-2.2.jar;C:\Users\Usuario\.m2\repository\org\junit\jupiter\junit-jupiter\5.7.2\junit-jupiter-5.7.2.jar;C:\Users\Usuario\.m2\repository\org\junit\jupiter\junit-jupiter-api\5.7.2\junit-jupiter-api-5.7.2.jar;C:\Users\Usuario\.m2\repository\org\apiguardian\apiguardian-api\1.1.0\apiguardian-api-1.1.0.jar;C:\Users\Usuario\.m2\repository\org\opentest4j\opentest4j\1.2.0\opentest4j-1.2.0.jar;C:\Users\Usuario\.m2\repository\org\junit\platform\junit-platform-commons\1.7.2\junit-platform-commons-1.7.2.jar;C:\Users\Usuario\.m2\repository\org\junit\jupiter\junit-jupiter-params\5.7.2\junit-jupiter-params-5.7.2.jar;C:\Users\Usuario\.m2\repository\org\junit\jupiter\junit-jupiter-engine\5.7.2\junit-jupiter-engine-5.7.2.jar;C:\Users\Usuario\.m2\repository\org\junit\platform\junit-platform-engine\1.7.2\junit-platform-engine-1.7.2.jar;C:\Users\Usuario\.m2\repository\org\mockito\mockito-core\3.9.0\mockito-core-3.9.0.jar;C:\Users\Usuario\.m2\repository\net\bytebuddy\byte-buddy-agent\1.10.22\byte-buddy-agent-1.10.22.jar;C:\Users\Usuario\.m2\repository\org\objenesis\objenesis\3.2\objenesis-3.2.jar;C:\Users\Usuario\.m2\repository\org\mockito\mockito-junit-jupiter\3.9.0\mockito-junit-jupiter-3.9.0.jar;C:\Users\Usuario\.m2\repository\org\skyscreamer\jsonassert\1.5.0\jsonassert-1.5.0.jar;C:\Users\Usuario\.m2\repository\com\vaadin\external\google\android-json\0.0.20131108.vaadin1\android-json-0.0.20131108.vaadin1.jar;C:\Users\Usuario\.m2\repository\org\springframework\spring-core\5.3.8\spring-core-5.3.8.jar;C:\Users\Usuario\.m2\repository\org\springframework\spring-jcl\5.3.8\spring-jcl-5.3.8.jar;C:\Users\Usuario\.m2\repository\org\springframework\spring-test\5.3.8\spring-test-5.3.8.jar;C:\Users\Usuario\.m2\repository\org\xmlunit\xmlunit-core\2.8.2\xmlunit-core-2.8.2.jar;C:\Users\Usuario\.m2\repository\org\apache\camel\camel-test-spring-junit5\3.11.0\camel-test-spring-junit5-3.11.0.jar;C:\Users\Usuario\.m2\repository\org\apache\camel\camel-test-junit5\3.11.0\camel-test-junit5-3.11.0.jar;C:\Users\Usuario\.m2\repository\org\apache\camel\camel-core-languages\3.11.0\camel-core-languages-3.11.0.jar;C:\Users\Usuario\.m2\repository\org\apache\camel\camel-spring-xml\3.11.0\camel-spring-xml-3.11.0.jar;C:\Users\Usuario\.m2\repository\org\apache\camel\camel-xml-jaxb\3.11.0\camel-xml-jaxb-3.11.0.jar;C:\Users\Usuario\.m2\repository\com\sun\xml\bind\jaxb-core\2.3.0\jaxb-core-2.3.0.jar;C:\Users\Usuario\.m2\repository\com\sun\xml\bind\jaxb-impl\2.3.3\jaxb-impl-2.3.3.jar;C:\Users\Usuario\.m2\repository\org\apache\camel\camel-core-xml\3.11.0\camel-core-xml-3.11.0.jar;"/>
    <property name="sun.cpu.endian" value="little"/>
    <property name="user.home" value="C:\Users\Usuario"/>
    <property name="user.language" value="es"/>
    <property name="java.specification.vendor" value="Oracle Corporation"/>
    <property name="java.home" value="C:\Program Files\Java\jdk1.8.0_301\jre"/>
    <property name="basedir" value="C:\Users\Usuario\Documents\Workspace Spring Tool Suite\prueba-camel"/>
    <property name="file.separator" value="\"/>
    <property name="line.separator" value="&#10;"/>
    <property name="java.vm.specification.vendor" value="Oracle Corporation"/>
    <property name="java.specification.name" value="Java Platform API Specification"/>
    <property name="FILE_LOG_CHARSET" value="windows-1252"/>
    <property name="java.awt.graphicsenv" value="sun.awt.Win32GraphicsEnvironment"/>
    <property name="java.awt.headless" value="true"/>
    <property name="surefire.real.class.path" value="C:\Users\Usuario\AppData\Local\Temp\surefire44245857982446237\surefirebooter3588440789010646320.jar"/>
    <property name="sun.boot.class.path" value="C:\Program Files\Java\jdk1.8.0_301\jre\lib\resources.jar;C:\Program Files\Java\jdk1.8.0_301\jre\lib\rt.jar;C:\Program Files\Java\jdk1.8.0_301\jre\lib\sunrsasign.jar;C:\Program Files\Java\jdk1.8.0_301\jre\lib\jsse.jar;C:\Program Files\Java\jdk1.8.0_301\jre\lib\jce.jar;C:\Program Files\Java\jdk1.8.0_301\jre\lib\charsets.jar;C:\Program Files\Java\jdk1.8.0_301\jre\lib\jfr.jar;C:\Program Files\Java\jdk1.8.0_301\jre\classes"/>
    <property name="user.script" value=""/>
    <property name="sun.management.compiler" value="HotSpot 64-Bit Tiered Compilers"/>
    <property name="java.runtime.version" value="1.8.0_301-b09"/>
    <property name="user.name" value="Usuario"/>
    <property name="path.separator" value=";"/>
    <property name="os.version" value="10.0"/>
    <property name="java.endorsed.dirs" value="C:\Program Files\Java\jdk1.8.0_301\jre\lib\endorsed"/>
    <property name="java.runtime.name" value="Java(TM) SE Runtime Environment"/>
    <property name="file.encoding" value="Cp1252"/>
    <property name="spring.beaninfo.ignore" value="true"/>
    <property name="java.vm.name" value="Java HotSpot(TM) 64-Bit Server VM"/>
    <property name="localRepository" value="C:\Users\Usuario\.m2\repository"/>
    <property name="java.vendor.url.bug" value="http://bugreport.sun.com/bugreport/"/>
    <property name="java.io.tmpdir" value="C:\Users\Usuario\AppData\Local\Temp\"/>
    <property name="java.version" value="1.8.0_301"/>
    <property name="user.dir" value="C:\Users\Usuario\Documents\Workspace Spring Tool Suite\prueba-camel"/>
    <property name="os.arch" value="amd64"/>
    <property name="java.vm.specification.name" value="Java Virtual Machine Specification"/>
    <property name="PID" value="39200"/>
    <property name="java.awt.printerjob" value="sun.awt.windows.WPrinterJob"/>
    <property name="sun.os.patch.level" value=""/>
    <property name="CONSOLE_LOG_CHARSET" value="windows-1252"/>
    <property name="java.library.path" value="C:\Program Files\Java\jdk1.8.0_301\jre\bin;C:\Windows\Sun\Java\bin;C:\Windows\system32;C:\Windows;C:\Program Files\ConEmu;C:\Program Files\ConEmu\ConEmu;C:\Program Files\Common Files\Oracle\Java\javapath;C:\Windows\system32;C:\Windows;C:\Windows\System32\Wbem;C:\Windows\System32\WindowsPowerShell\v1.0\;C:\Windows\System32\OpenSSH\;C:\Program Files\Java\jdk1.8.0_301\bin;C:\Program Files\apache-maven-3.8.2\bin;C:\Program Files\Microsoft SQL Server\130\Tools\Binn\;C:\Program Files\nodejs\;C:\Program Files\Git\cmd;C:\Users\Usuario\Documents\sonar-scanner-4.6.2.2472-windows\bin;C:\Users\Usuario\Documents\Minikube;C:\Users\Usuario\AppData\Local\Microsoft\WindowsApps;C:\Users\Usuario\Documents\oc;C:\Program Files\Java\jdk1.8.0_301\bin;C:\Program Files\apache-maven-3.8.2\bin;C:\Users\Usuario\AppData\Local\Programs\Microsoft VS Code\bin;C:\Users\Usuario\AppData\Roaming\npm;C:\Program Files\Java\jdk-11.0.12\bin;C:\Users\Usuario\Documents\Kubectl;C:\Users\Usuario\Documents\Minikube;;."/>
    <property name="java.vm.info" value="mixed mode"/>
    <property name="java.vendor" value="Oracle Corporation"/>
    <property name="java.vm.version" value="25.301-b09"/>
    <property name="java.ext.dirs" value="C:\Program Files\Java\jdk1.8.0_301\jre\lib\ext;C:\Windows\Sun\Java\lib\ext"/>
    <property name="sun.io.unicode.encoding" value="UnicodeLittle"/>
    <property name="java.class.version" value="52.0"/>
  </properties>
  <testcase name="test" classname="prueba.MySpringBootApplicationTest" time="0.747">
    <error type="java.lang.IllegalArgumentException"><![CDATA[java.lang.IllegalArgumentException: Cannot advice route as route with id: hello does not exists
	at prueba.MySpringBootApplicationTest.test(MySpringBootApplicationTest.java:27)
]]></error>
    <system-out><![CDATA[09:42:56.091 [main] DEBUG org.springframework.test.context.BootstrapUtils - Instantiating CacheAwareContextLoaderDelegate from class [org.springframework.test.context.cache.DefaultCacheAwareContextLoaderDelegate]
09:42:56.105 [main] DEBUG org.springframework.test.context.BootstrapUtils - Instantiating BootstrapContext using constructor [public org.springframework.test.context.support.DefaultBootstrapContext(java.lang.Class,org.springframework.test.context.CacheAwareContextLoaderDelegate)]
09:42:56.143 [main] DEBUG org.springframework.test.context.BootstrapUtils - Instantiating TestContextBootstrapper for test class [prueba.MySpringBootApplicationTest] from class [org.springframework.boot.test.context.SpringBootTestContextBootstrapper]
09:42:56.156 [main] INFO org.springframework.boot.test.context.SpringBootTestContextBootstrapper - Neither @ContextConfiguration nor @ContextHierarchy found for test class [prueba.MySpringBootApplicationTest], using SpringBootContextLoader
09:42:56.160 [main] DEBUG org.springframework.test.context.support.AbstractContextLoader - Did not detect default resource location for test class [prueba.MySpringBootApplicationTest]: class path resource [prueba/MySpringBootApplicationTest-context.xml] does not exist
09:42:56.162 [main] DEBUG org.springframework.test.context.support.AbstractContextLoader - Did not detect default resource location for test class [prueba.MySpringBootApplicationTest]: class path resource [prueba/MySpringBootApplicationTestContext.groovy] does not exist
09:42:56.162 [main] INFO org.springframework.test.context.support.AbstractContextLoader - Could not detect default resource locations for test class [prueba.MySpringBootApplicationTest]: no resource found for suffixes {-context.xml, Context.groovy}.
09:42:56.163 [main] INFO org.springframework.test.context.support.AnnotationConfigContextLoaderUtils - Could not detect default configuration classes for test class [prueba.MySpringBootApplicationTest]: MySpringBootApplicationTest does not declare any static, non-private, non-final, nested classes annotated with @Configuration.
09:42:56.215 [main] DEBUG org.springframework.test.context.support.ActiveProfilesUtils - Could not find an 'annotation declaring class' for annotation type [org.springframework.test.context.ActiveProfiles] and class [prueba.MySpringBootApplicationTest]
09:42:56.290 [main] DEBUG org.springframework.context.annotation.ClassPathScanningCandidateComponentProvider - Identified candidate component class: file [C:\Users\Usuario\Documents\Workspace Spring Tool Suite\prueba-camel\target\classes\prueba\MySpringBootApplication.class]
09:42:56.292 [main] INFO org.springframework.boot.test.context.SpringBootTestContextBootstrapper - Found @SpringBootConfiguration prueba.MySpringBootApplication for test class prueba.MySpringBootApplicationTest
09:42:56.385 [main] DEBUG org.springframework.boot.test.context.SpringBootTestContextBootstrapper - Merging default listeners with listeners configured via @TestExecutionListeners for class [prueba.MySpringBootApplicationTest].
09:42:56.385 [main] INFO org.springframework.boot.test.context.SpringBootTestContextBootstrapper - Loaded default TestExecutionListener class names from location [META-INF/spring.factories]: [org.springframework.boot.test.mock.mockito.MockitoTestExecutionListener, org.springframework.boot.test.mock.mockito.ResetMocksTestExecutionListener, org.springframework.boot.test.autoconfigure.restdocs.RestDocsTestExecutionListener, org.springframework.boot.test.autoconfigure.web.client.MockRestServiceServerResetTestExecutionListener, org.springframework.boot.test.autoconfigure.web.servlet.MockMvcPrintOnlyOnFailureTestExecutionListener, org.springframework.boot.test.autoconfigure.web.servlet.WebDriverTestExecutionListener, org.springframework.boot.test.autoconfigure.webservices.client.MockWebServiceServerTestExecutionListener, org.springframework.test.context.web.ServletTestExecutionListener, org.springframework.test.context.support.DirtiesContextBeforeModesTestExecutionListener, org.springframework.test.context.event.ApplicationEventsTestExecutionListener, org.springframework.test.context.support.DependencyInjectionTestExecutionListener, org.springframework.test.context.support.DirtiesContextTestExecutionListener, org.springframework.test.context.transaction.TransactionalTestExecutionListener, org.springframework.test.context.jdbc.SqlScriptsTestExecutionListener, org.springframework.test.context.event.EventPublishingTestExecutionListener]
09:42:56.408 [main] INFO org.springframework.boot.test.context.SpringBootTestContextBootstrapper - Using TestExecutionListeners: [org.apache.camel.test.spring.junit5.CamelSpringTestContextLoaderTestExecutionListener@2f666ebb, org.apache.camel.test.spring.junit5.CamelSpringBootExecutionListener@19976a65, org.apache.camel.test.spring.junit5.StopWatchTestExecutionListener@a1f72f5, org.springframework.test.context.web.ServletTestExecutionListener@4b2c5e02, org.springframework.test.context.support.DirtiesContextBeforeModesTestExecutionListener@57a3e26a, org.springframework.test.context.event.ApplicationEventsTestExecutionListener@75c56eb9, org.springframework.boot.test.mock.mockito.MockitoTestExecutionListener@4bc222e, org.springframework.boot.test.autoconfigure.SpringBootDependencyInjectionTestExecutionListener@2dc9b0f5, org.springframework.test.context.support.DirtiesContextTestExecutionListener@6531a794, org.springframework.test.context.transaction.TransactionalTestExecutionListener@3b5fad2d, org.springframework.test.context.jdbc.SqlScriptsTestExecutionListener@5e17553a, org.springframework.test.context.event.EventPublishingTestExecutionListener@3eb91815, org.springframework.boot.test.mock.mockito.ResetMocksTestExecutionListener@56dc1551, org.springframework.boot.test.autoconfigure.restdocs.RestDocsTestExecutionListener@102cec62, org.springframework.boot.test.autoconfigure.web.client.MockRestServiceServerResetTestExecutionListener@74f6c5d8, org.springframework.boot.test.autoconfigure.web.servlet.MockMvcPrintOnlyOnFailureTestExecutionListener@27912e3, org.springframework.boot.test.autoconfigure.web.servlet.WebDriverTestExecutionListener@34b9f960, org.springframework.boot.test.autoconfigure.webservices.client.MockWebServiceServerTestExecutionListener@43015c69]
09:42:56.452 [main] DEBUG org.springframework.test.context.support.AbstractDirtiesContextTestExecutionListener - Before test class: context [DefaultTestContext@6a47b187 testClass = MySpringBootApplicationTest, testInstance = [null], testMethod = [null], testException = [null], mergedContextConfiguration = [WebMergedContextConfiguration@2049a9c1 testClass = MySpringBootApplicationTest, locations = '{}', classes = '{class prueba.MySpringBootApplication}', contextInitializerClasses = '[]', activeProfiles = '{}', propertySourceLocations = '{}', propertySourceProperties = '{org.springframework.boot.test.context.SpringBootTestContextBootstrapper=true}', contextCustomizers = set[org.springframework.boot.test.context.filter.ExcludeFilterContextCustomizer@6db9f5a4, org.springframework.boot.test.json.DuplicateJsonObjectContextCustomizerFactory$DuplicateJsonObjectContextCustomizer@1ebd319f, org.springframework.boot.test.mock.mockito.MockitoContextCustomizer@0, org.springframework.boot.test.web.client.TestRestTemplateContextCustomizer@fa36558, org.springframework.boot.test.autoconfigure.actuate.metrics.MetricsExportContextCustomizerFactory$DisableMetricExportContextCustomizer@3e96bacf, org.springframework.boot.test.autoconfigure.properties.PropertyMappingContextCustomizer@0, org.springframework.boot.test.autoconfigure.web.servlet.WebDriverContextCustomizerFactory$Customizer@3cc1435c, org.springframework.boot.test.context.SpringBootTestArgs@1, org.springframework.boot.test.context.SpringBootTestWebEnvironment@7d70d1b1], resourceBasePath = 'src/main/webapp', contextLoader = 'org.springframework.boot.test.context.SpringBootContextLoader', parent = [null]], attributes = map['org.springframework.test.context.web.ServletTestExecutionListener.activateListener' -> true]], class annotated with @DirtiesContext [false] with mode [null].
09:42:56.463 [main] INFO org.apache.camel.test.spring.junit5.CamelSpringBootExecutionListener - CamelSpringBootExecutionListener preparing: class prueba.MySpringBootApplicationTest
09:42:56.466 [main] INFO org.apache.camel.test.spring.junit5.CamelAnnotationsHandler - Disabling Camel JMX globally for tests by default.  Use the DisableJMX annotation to override the default setting.
09:42:56.489 [main] DEBUG org.springframework.test.context.support.TestPropertySourceUtils - Adding inlined properties to environment: {spring.jmx.enabled=false, org.springframework.boot.test.context.SpringBootTestContextBootstrapper=true}

  .   ____          _            __ _ _
 /\\ / ___'_ __ _ _(_)_ __  __ _ \ \ \ \
( ( )\___ | '_ | '_| | '_ \/ _` | \ \ \ \
 \\/  ___)| |_)| | | | | || (_| |  ) ) ) )
  '  |____| .__|_| |_|_| |_\__, | / / / /
 =========|_|==============|___/=/_/_/_/
 :: Spring Boot ::                (v2.5.1)

2021-11-11 09:42:56.752  INFO 39200 --- [           main] prueba.MySpringBootApplicationTest       : Starting MySpringBootApplicationTest using Java 1.8.0_301 on DESKTOP-PGC6HRR with PID 39200 (started by Usuario in C:\Users\Usuario\Documents\Workspace Spring Tool Suite\prueba-camel)
2021-11-11 09:42:56.756  INFO 39200 --- [           main] prueba.MySpringBootApplicationTest       : No active profile set, falling back to default profiles: default
2021-11-11 09:42:57.911  INFO 39200 --- [           main] .s.d.r.c.RepositoryConfigurationDelegate : Bootstrapping Spring Data JPA repositories in DEFAULT mode.
2021-11-11 09:42:57.931  INFO 39200 --- [           main] .s.d.r.c.RepositoryConfigurationDelegate : Finished Spring Data repository scanning in 11 ms. Found 0 JPA repository interfaces.
2021-11-11 09:42:58.808  INFO 39200 --- [           main] i.a.s.boot.AgroalDataSource              : Started DataSource ed2166df-b042-4e6e-a501-00abc287951b connected to jdbc:h2:mem:testdb
2021-11-11 09:42:59.234  INFO 39200 --- [           main] o.hibernate.jpa.internal.util.LogHelper  : HHH000204: Processing PersistenceUnitInfo [name: default]
2021-11-11 09:42:59.305  INFO 39200 --- [           main] org.hibernate.Version                    : HHH000412: Hibernate ORM core version 5.4.32.Final
2021-11-11 09:42:59.505  INFO 39200 --- [           main] o.hibernate.annotations.common.Version   : HCANN000001: Hibernate Commons Annotations {5.1.2.Final}
2021-11-11 09:42:59.647  INFO 39200 --- [           main] org.hibernate.dialect.Dialect            : HHH000400: Using dialect: org.hibernate.dialect.H2Dialect
2021-11-11 09:42:59.982  INFO 39200 --- [           main] o.h.e.t.j.p.i.JtaPlatformInitiator       : HHH000490: Using JtaPlatform implementation: [org.hibernate.engine.transaction.jta.platform.internal.NoJtaPlatform]
2021-11-11 09:42:59.992  INFO 39200 --- [           main] j.LocalContainerEntityManagerFactoryBean : Initialized JPA EntityManagerFactory for persistence unit 'default'
2021-11-11 09:43:00.312  WARN 39200 --- [           main] JpaBaseConfiguration$JpaWebConfiguration : spring.jpa.open-in-view is enabled by default. Therefore, database queries may be performed during view rendering. Explicitly configure spring.jpa.open-in-view to disable this warning
2021-11-11 09:43:02.102  INFO 39200 --- [           main] o.s.b.a.e.web.EndpointLinksResolver      : Exposing 2 endpoint(s) beneath base path '/actuator'
2021-11-11 09:43:02.261  INFO 39200 --- [           main] prueba.MySpringBootApplicationTest       : Started MySpringBootApplicationTest in 5.763 seconds (JVM running for 6.73)
2021-11-11 09:43:02.267  INFO 39200 --- [           main] o.a.c.t.s.j.CamelAnnotationsHandler      : Setting shutdown timeout to [10 SECONDS] on CamelContext with name [camelContext].
2021-11-11 09:43:02.319  INFO 39200 --- [           main] c.t.s.j.CamelSpringBootExecutionListener : CamelSpringBootExecutionListener before: class prueba.MySpringBootApplicationTest.test
2021-11-11 09:43:02.320  INFO 39200 --- [           main] c.t.s.j.CamelSpringBootExecutionListener : Initialized CamelSpringBootExecutionListener now ready to start CamelContext
2021-11-11 09:43:02.321  INFO 39200 --- [           main] o.a.c.t.s.j.CamelAnnotationsHandler      : Starting CamelContext with name [camelContext].
2021-11-11 09:43:02.599  INFO 39200 --- [           main] o.a.c.i.e.AutowiredLifecycleStrategy     : Autowired property: dataSource on component: sql as exactly one instance of type: javax.sql.DataSource (io.agroal.springframework.boot.AgroalDataSource) found in the registry
2021-11-11 09:43:02.925  INFO 39200 --- [           main] o.a.c.i.e.DefaultStreamCachingStrategy   : StreamCaching in use with spool directory: C:\Users\Usuario\AppData\Local\Temp\camel\camel-tmp-80FC43A8EDC5E4B-0000000000000000 and rules: [Spool > 128K body size]
2021-11-11 09:43:02.936  INFO 39200 --- [           main] o.a.c.impl.engine.AbstractCamelContext   : Routes startup summary (total:6 started:6)
2021-11-11 09:43:02.936  INFO 39200 --- [           main] o.a.c.impl.engine.AbstractCamelContext   :     Started route1 (rest://get:users:/listar)
2021-11-11 09:43:02.936  INFO 39200 --- [           main] o.a.c.impl.engine.AbstractCamelContext   :     Started route2 (rest://get:users:/%7Bid%7D)
2021-11-11 09:43:02.936  INFO 39200 --- [           main] o.a.c.impl.engine.AbstractCamelContext   :     Started route3 (rest://post:users:/guardar)
2021-11-11 09:43:02.936  INFO 39200 --- [           main] o.a.c.impl.engine.AbstractCamelContext   :     Started route4 (rest://delete:users:/%7Bid%7D)
2021-11-11 09:43:02.936  INFO 39200 --- [           main] o.a.c.impl.engine.AbstractCamelContext   :     Started route5 (rest://put:users:/%7Bid%7D)
2021-11-11 09:43:02.936  INFO 39200 --- [           main] o.a.c.impl.engine.AbstractCamelContext   :     Started route6 (rest://patch:users:/%7Bid%7D)
2021-11-11 09:43:02.937  INFO 39200 --- [           main] o.a.c.impl.engine.AbstractCamelContext   : Apache Camel 3.11.0 (MyCamel) started in 711ms (build:96ms init:592ms start:23ms)
2021-11-11 09:43:03.055  INFO 39200 --- [           main] prueba.MySpringBootApplicationTest       : ********************************************************************************
2021-11-11 09:43:03.056  INFO 39200 --- [           main] prueba.MySpringBootApplicationTest       : Testing done: test (prueba.MySpringBootApplicationTest)
2021-11-11 09:43:03.056  INFO 39200 --- [           main] prueba.MySpringBootApplicationTest       : Took: 116ms (116 millis)
2021-11-11 09:43:03.056  INFO 39200 --- [           main] prueba.MySpringBootApplicationTest       : ********************************************************************************
2021-11-11 09:43:03.056  INFO 39200 --- [           main] c.t.s.j.CamelSpringBootExecutionListener : CamelSpringBootExecutionListener after: class prueba.MySpringBootApplicationTest.test
]]></system-out>
  </testcase>
</testsuite>